<?xml version="1.0" encoding="UTF-8"?>
<!-- Generated by org.testng.reporters.JUnitReportReporter -->
<testsuite hostname="SoranasDell" failures="0" tests="1" name="io.github.ladybug.seleniumDemoTest" time="3.106" errors="0" timestamp="2023-11-04T16:29:10 IST" skipped="0">
  <testcase classname="io.github.ladybug.seleniumDemoTest" name="testGooglePage" time="3.106"/>
</testsuite> <!-- io.github.ladybug.seleniumDemoTest -->
